{"D:\\02.Projects\\Educaso\\server\\controllers\\loginController.js": {"path":"D:\\02.Projects\\Educaso\\server\\controllers\\loginController.js","statementMap":{"0":{"start":{"line":1,"column":12},"end":{"line":1,"column":40}},"1":{"start":{"line":2,"column":17},"end":{"line":2,"column":37}},"2":{"start":{"line":3,"column":14},"end":{"line":3,"column":31}},"3":{"start":{"line":4,"column":11},"end":{"line":4,"column":34}},"4":{"start":{"line":7,"column":19},"end":{"line":10,"column":1}},"5":{"start":{"line":8,"column":17},"end":{"line":8,"column":86}},"6":{"start":{"line":9,"column":4},"end":{"line":9,"column":17}},"7":{"start":{"line":12,"column":17},"end":{"line":50,"column":1}},"8":{"start":{"line":13,"column":4},"end":{"line":49,"column":5}},"9":{"start":{"line":14,"column":33},"end":{"line":14,"column":41}},"10":{"start":{"line":17,"column":8},"end":{"line":19,"column":9}},"11":{"start":{"line":18,"column":12},"end":{"line":18,"column":102}},"12":{"start":{"line":20,"column":8},"end":{"line":22,"column":9}},"13":{"start":{"line":21,"column":12},"end":{"line":21,"column":91}},"14":{"start":{"line":25,"column":20},"end":{"line":25,"column":67}},"15":{"start":{"line":26,"column":8},"end":{"line":28,"column":9}},"16":{"start":{"line":27,"column":12},"end":{"line":27,"column":85}},"17":{"start":{"line":31,"column":23},"end":{"line":31,"column":68}},"18":{"start":{"line":32,"column":8},"end":{"line":34,"column":9}},"19":{"start":{"line":33,"column":12},"end":{"line":33,"column":89}},"20":{"start":{"line":37,"column":21},"end":{"line":37,"column":42}},"21":{"start":{"line":39,"column":8},"end":{"line":45,"column":11}},"22":{"start":{"line":47,"column":28},"end":{"line":47,"column":108}},"23":{"start":{"line":48,"column":8},"end":{"line":48,"column":92}},"24":{"start":{"line":52,"column":18},"end":{"line":93,"column":1}},"25":{"start":{"line":53,"column":4},"end":{"line":92,"column":5}},"26":{"start":{"line":54,"column":48},"end":{"line":54,"column":56}},"27":{"start":{"line":56,"column":8},"end":{"line":58,"column":9}},"28":{"start":{"line":57,"column":12},"end":{"line":57,"column":94}},"29":{"start":{"line":59,"column":8},"end":{"line":61,"column":9}},"30":{"start":{"line":60,"column":12},"end":{"line":60,"column":91}},"31":{"start":{"line":62,"column":8},"end":{"line":64,"column":9}},"32":{"start":{"line":63,"column":12},"end":{"line":63,"column":114}},"33":{"start":{"line":65,"column":28},"end":{"line":65,"column":55}},"34":{"start":{"line":66,"column":8},"end":{"line":68,"column":9}},"35":{"start":{"line":67,"column":12},"end":{"line":67,"column":98}},"36":{"start":{"line":69,"column":24},"end":{"line":69,"column":54}},"37":{"start":{"line":71,"column":20},"end":{"line":76,"column":9}},"38":{"start":{"line":77,"column":23},"end":{"line":77,"column":46}},"39":{"start":{"line":79,"column":21},"end":{"line":79,"column":45}},"40":{"start":{"line":81,"column":8},"end":{"line":88,"column":11}},"41":{"start":{"line":90,"column":28},"end":{"line":90,"column":109}},"42":{"start":{"line":91,"column":8},"end":{"line":91,"column":93}},"43":{"start":{"line":95,"column":16},"end":{"line":120,"column":1}},"44":{"start":{"line":96,"column":4},"end":{"line":119,"column":5}},"45":{"start":{"line":97,"column":22},"end":{"line":97,"column":32}},"46":{"start":{"line":99,"column":8},"end":{"line":104,"column":9}},"47":{"start":{"line":100,"column":12},"end":{"line":103,"column":15}},"48":{"start":{"line":105,"column":20},"end":{"line":105,"column":47}},"49":{"start":{"line":106,"column":8},"end":{"line":108,"column":9}},"50":{"start":{"line":107,"column":12},"end":{"line":107,"column":85}},"51":{"start":{"line":109,"column":8},"end":{"line":115,"column":12}},"52":{"start":{"line":117,"column":28},"end":{"line":117,"column":116}},"53":{"start":{"line":118,"column":8},"end":{"line":118,"column":98}},"54":{"start":{"line":122,"column":0},"end":{"line":122,"column":50}},"55":{"start":{"line":129,"column":85},"end":{"line":129,"column":46433}},"56":{"start":{"line":129,"column":89},"end":{"line":129,"column":46405}},"57":{"start":{"line":129,"column":46415},"end":{"line":129,"column":46432}}},"fnMap":{"0":{"name":"(anonymous_0)","decl":{"start":{"line":7,"column":19},"end":{"line":7,"column":20}},"loc":{"start":{"line":7,"column":29},"end":{"line":10,"column":1}},"line":7},"1":{"name":"(anonymous_1)","decl":{"start":{"line":12,"column":17},"end":{"line":12,"column":18}},"loc":{"start":{"line":12,"column":35},"end":{"line":50,"column":1}},"line":12},"2":{"name":"(anonymous_2)","decl":{"start":{"line":52,"column":18},"end":{"line":52,"column":19}},"loc":{"start":{"line":52,"column":36},"end":{"line":93,"column":1}},"line":52},"3":{"name":"(anonymous_3)","decl":{"start":{"line":95,"column":16},"end":{"line":95,"column":17}},"loc":{"start":{"line":95,"column":34},"end":{"line":120,"column":1}},"line":95},"4":{"name":"oo_cm","decl":{"start":{"line":129,"column":77},"end":{"line":129,"column":82}},"loc":{"start":{"line":129,"column":84},"end":{"line":129,"column":46434}},"line":129}},"branchMap":{"0":{"loc":{"start":{"line":17,"column":8},"end":{"line":19,"column":9}},"type":"if","locations":[{"start":{"line":17,"column":8},"end":{"line":19,"column":9}},{"start":{},"end":{}}],"line":17},"1":{"loc":{"start":{"line":17,"column":11},"end":{"line":17,"column":30}},"type":"binary-expr","locations":[{"start":{"line":17,"column":11},"end":{"line":17,"column":17}},{"start":{"line":17,"column":21},"end":{"line":17,"column":30}}],"line":17},"2":{"loc":{"start":{"line":20,"column":8},"end":{"line":22,"column":9}},"type":"if","locations":[{"start":{"line":20,"column":8},"end":{"line":22,"column":9}},{"start":{},"end":{}}],"line":20},"3":{"loc":{"start":{"line":26,"column":8},"end":{"line":28,"column":9}},"type":"if","locations":[{"start":{"line":26,"column":8},"end":{"line":28,"column":9}},{"start":{},"end":{}}],"line":26},"4":{"loc":{"start":{"line":32,"column":8},"end":{"line":34,"column":9}},"type":"if","locations":[{"start":{"line":32,"column":8},"end":{"line":34,"column":9}},{"start":{},"end":{}}],"line":32},"5":{"loc":{"start":{"line":56,"column":8},"end":{"line":58,"column":9}},"type":"if","locations":[{"start":{"line":56,"column":8},"end":{"line":58,"column":9}},{"start":{},"end":{}}],"line":56},"6":{"loc":{"start":{"line":56,"column":11},"end":{"line":56,"column":39}},"type":"binary-expr","locations":[{"start":{"line":56,"column":11},"end":{"line":56,"column":20}},{"start":{"line":56,"column":24},"end":{"line":56,"column":29}},{"start":{"line":56,"column":33},"end":{"line":56,"column":39}}],"line":56},"7":{"loc":{"start":{"line":59,"column":8},"end":{"line":61,"column":9}},"type":"if","locations":[{"start":{"line":59,"column":8},"end":{"line":61,"column":9}},{"start":{},"end":{}}],"line":59},"8":{"loc":{"start":{"line":62,"column":8},"end":{"line":64,"column":9}},"type":"if","locations":[{"start":{"line":62,"column":8},"end":{"line":64,"column":9}},{"start":{},"end":{}}],"line":62},"9":{"loc":{"start":{"line":66,"column":8},"end":{"line":68,"column":9}},"type":"if","locations":[{"start":{"line":66,"column":8},"end":{"line":68,"column":9}},{"start":{},"end":{}}],"line":66},"10":{"loc":{"start":{"line":75,"column":22},"end":{"line":75,"column":36}},"type":"binary-expr","locations":[{"start":{"line":75,"column":22},"end":{"line":75,"column":30}},{"start":{"line":75,"column":34},"end":{"line":75,"column":36}}],"line":75},"11":{"loc":{"start":{"line":99,"column":8},"end":{"line":104,"column":9}},"type":"if","locations":[{"start":{"line":99,"column":8},"end":{"line":104,"column":9}},{"start":{},"end":{}}],"line":99},"12":{"loc":{"start":{"line":106,"column":8},"end":{"line":108,"column":9}},"type":"if","locations":[{"start":{"line":106,"column":8},"end":{"line":108,"column":9}},{"start":{},"end":{}}],"line":106},"13":{"loc":{"start":{"line":129,"column":96},"end":{"line":129,"column":46404}},"type":"binary-expr","locations":[{"start":{"line":129,"column":96},"end":{"line":129,"column":133}},{"start":{"line":129,"column":137},"end":{"line":129,"column":46404}}],"line":129}},"s":{"0":1,"1":1,"2":1,"3":1,"4":1,"5":1,"6":1,"7":1,"8":6,"9":6,"10":6,"11":1,"12":5,"13":1,"14":4,"15":3,"16":1,"17":2,"18":2,"19":1,"20":1,"21":1,"22":1,"23":1,"24":1,"25":1,"26":1,"27":1,"28":1,"29":0,"30":0,"31":0,"32":0,"33":0,"34":0,"35":0,"36":0,"37":0,"38":0,"39":0,"40":0,"41":0,"42":0,"43":1,"44":1,"45":1,"46":1,"47":1,"48":0,"49":0,"50":0,"51":0,"52":0,"53":0,"54":1,"55":1,"56":1,"57":0},"f":{"0":1,"1":6,"2":1,"3":1,"4":1},"b":{"0":[1,5],"1":[6,5],"2":[1,4],"3":[1,2],"4":[1,1],"5":[1,0],"6":[1,0,0],"7":[0,0],"8":[0,0],"9":[0,0],"10":[0,0],"11":[1,0],"12":[0,0],"13":[1,1]},"_coverageSchema":"1a1c01bbd47fc00a2c39e90264f33305004495a9","hash":"964ba53b6046ad1d427b2d06155a04f33c976965"}
,"D:\\02.Projects\\Educaso\\server\\middlewares\\authMiddleware.js": {"path":"D:\\02.Projects\\Educaso\\server\\middlewares\\authMiddleware.js","statementMap":{"0":{"start":{"line":1,"column":12},"end":{"line":1,"column":35}},"1":{"start":{"line":2,"column":12},"end":{"line":2,"column":40}},"2":{"start":{"line":4,"column":22},"end":{"line":20,"column":1}},"3":{"start":{"line":5,"column":4},"end":{"line":19,"column":5}},"4":{"start":{"line":6,"column":26},"end":{"line":6,"column":51}},"5":{"start":{"line":7,"column":8},"end":{"line":9,"column":9}},"6":{"start":{"line":8,"column":12},"end":{"line":8,"column":101}},"7":{"start":{"line":10,"column":21},"end":{"line":10,"column":45}},"8":{"start":{"line":11,"column":8},"end":{"line":13,"column":9}},"9":{"start":{"line":12,"column":12},"end":{"line":12,"column":101}},"10":{"start":{"line":14,"column":23},"end":{"line":14,"column":68}},"11":{"start":{"line":15,"column":8},"end":{"line":15,"column":31}},"12":{"start":{"line":16,"column":8},"end":{"line":16,"column":22}},"13":{"start":{"line":18,"column":8},"end":{"line":18,"column":82}},"14":{"start":{"line":22,"column":23},"end":{"line":37,"column":1}},"15":{"start":{"line":23,"column":4},"end":{"line":36,"column":5}},"16":{"start":{"line":24,"column":26},"end":{"line":24,"column":36}},"17":{"start":{"line":25,"column":28},"end":{"line":25,"column":59}},"18":{"start":{"line":27,"column":16},"end":{"line":29,"column":17}},"19":{"start":{"line":28,"column":20},"end":{"line":28,"column":93}},"20":{"start":{"line":30,"column":16},"end":{"line":32,"column":17}},"21":{"start":{"line":31,"column":20},"end":{"line":31,"column":109}},"22":{"start":{"line":33,"column":8},"end":{"line":33,"column":22}},"23":{"start":{"line":35,"column":8},"end":{"line":35,"column":103}},"24":{"start":{"line":39,"column":0},"end":{"line":39,"column":50}}},"fnMap":{"0":{"name":"(anonymous_0)","decl":{"start":{"line":4,"column":22},"end":{"line":4,"column":23}},"loc":{"start":{"line":4,"column":46},"end":{"line":20,"column":1}},"line":4},"1":{"name":"(anonymous_1)","decl":{"start":{"line":22,"column":23},"end":{"line":22,"column":24}},"loc":{"start":{"line":22,"column":47},"end":{"line":37,"column":1}},"line":22}},"branchMap":{"0":{"loc":{"start":{"line":7,"column":8},"end":{"line":9,"column":9}},"type":"if","locations":[{"start":{"line":7,"column":8},"end":{"line":9,"column":9}},{"start":{},"end":{}}],"line":7},"1":{"loc":{"start":{"line":7,"column":11},"end":{"line":7,"column":59}},"type":"binary-expr","locations":[{"start":{"line":7,"column":11},"end":{"line":7,"column":22}},{"start":{"line":7,"column":26},"end":{"line":7,"column":59}}],"line":7},"2":{"loc":{"start":{"line":11,"column":8},"end":{"line":13,"column":9}},"type":"if","locations":[{"start":{"line":11,"column":8},"end":{"line":13,"column":9}},{"start":{},"end":{}}],"line":11},"3":{"loc":{"start":{"line":27,"column":16},"end":{"line":29,"column":17}},"type":"if","locations":[{"start":{"line":27,"column":16},"end":{"line":29,"column":17}},{"start":{},"end":{}}],"line":27},"4":{"loc":{"start":{"line":30,"column":16},"end":{"line":32,"column":17}},"type":"if","locations":[{"start":{"line":30,"column":16},"end":{"line":32,"column":17}},{"start":{},"end":{}}],"line":30}},"s":{"0":1,"1":1,"2":1,"3":5,"4":5,"5":5,"6":2,"7":3,"8":3,"9":1,"10":2,"11":1,"12":1,"13":1,"14":1,"15":4,"16":4,"17":4,"18":3,"19":1,"20":2,"21":1,"22":1,"23":1,"24":1},"f":{"0":5,"1":4},"b":{"0":[2,3],"1":[5,4],"2":[1,2],"3":[1,2],"4":[1,1]},"_coverageSchema":"1a1c01bbd47fc00a2c39e90264f33305004495a9","hash":"6a5c12e3ccf4ba1188ffa4941408e3fbd732668c"}
}
