{"D:\\01_College\\4th_Sem\\EdTech_platform\\server\\controllers\\aiController.js": {"path":"D:\\01_College\\4th_Sem\\EdTech_platform\\server\\controllers\\aiController.js","statementMap":{"0":{"start":{"line":1,"column":17},"end":{"line":1,"column":36}},"1":{"start":{"line":2,"column":31},"end":{"line":2,"column":63}},"2":{"start":{"line":3,"column":13},"end":{"line":3,"column":41}},"3":{"start":{"line":4,"column":15},"end":{"line":4,"column":45}},"4":{"start":{"line":6,"column":21},"end":{"line":8,"column":10}},"5":{"start":{"line":10,"column":23},"end":{"line":74,"column":1}},"6":{"start":{"line":11,"column":4},"end":{"line":73,"column":5}},"7":{"start":{"line":12,"column":37},"end":{"line":12,"column":45}},"8":{"start":{"line":13,"column":23},"end":{"line":13,"column":33}},"9":{"start":{"line":15,"column":8},"end":{"line":17,"column":9}},"10":{"start":{"line":16,"column":12},"end":{"line":16,"column":105}},"11":{"start":{"line":19,"column":8},"end":{"line":21,"column":9}},"12":{"start":{"line":20,"column":12},"end":{"line":20,"column":91}},"13":{"start":{"line":23,"column":8},"end":{"line":25,"column":9}},"14":{"start":{"line":24,"column":12},"end":{"line":24,"column":123}},"15":{"start":{"line":27,"column":8},"end":{"line":29,"column":9}},"16":{"start":{"line":28,"column":12},"end":{"line":28,"column":99}},"17":{"start":{"line":31,"column":31},"end":{"line":34,"column":10}},"18":{"start":{"line":36,"column":8},"end":{"line":38,"column":9}},"19":{"start":{"line":37,"column":12},"end":{"line":37,"column":87}},"20":{"start":{"line":40,"column":8},"end":{"line":42,"column":9}},"21":{"start":{"line":41,"column":12},"end":{"line":41,"column":89}},"22":{"start":{"line":44,"column":27},"end":{"line":44,"column":93}},"23":{"start":{"line":44,"column":61},"end":{"line":44,"column":92}},"24":{"start":{"line":45,"column":8},"end":{"line":47,"column":9}},"25":{"start":{"line":46,"column":12},"end":{"line":46,"column":108}},"26":{"start":{"line":49,"column":30},"end":{"line":51,"column":16}},"27":{"start":{"line":50,"column":65},"end":{"line":50,"column":85}},"28":{"start":{"line":53,"column":22},"end":{"line":53,"column":97}},"29":{"start":{"line":55,"column":33},"end":{"line":64,"column":22}},"30":{"start":{"line":66,"column":23},"end":{"line":66,"column":68}},"31":{"start":{"line":67,"column":22},"end":{"line":67,"column":103}},"32":{"start":{"line":69,"column":8},"end":{"line":69,"column":62}},"33":{"start":{"line":71,"column":28},"end":{"line":71,"column":111}},"34":{"start":{"line":72,"column":8},"end":{"line":72,"column":96}},"35":{"start":{"line":76,"column":0},"end":{"line":76,"column":36}},"36":{"start":{"line":83,"column":85},"end":{"line":83,"column":46500}},"37":{"start":{"line":83,"column":89},"end":{"line":83,"column":46472}},"38":{"start":{"line":83,"column":46482},"end":{"line":83,"column":46499}}},"fnMap":{"0":{"name":"(anonymous_0)","decl":{"start":{"line":10,"column":23},"end":{"line":10,"column":24}},"loc":{"start":{"line":10,"column":43},"end":{"line":74,"column":1}},"line":10},"1":{"name":"(anonymous_1)","decl":{"start":{"line":44,"column":53},"end":{"line":44,"column":54}},"loc":{"start":{"line":44,"column":61},"end":{"line":44,"column":92}},"line":44},"2":{"name":"(anonymous_2)","decl":{"start":{"line":50,"column":52},"end":{"line":50,"column":53}},"loc":{"start":{"line":50,"column":65},"end":{"line":50,"column":85}},"line":50},"3":{"name":"oo_cm","decl":{"start":{"line":83,"column":77},"end":{"line":83,"column":82}},"loc":{"start":{"line":83,"column":84},"end":{"line":83,"column":46501}},"line":83}},"branchMap":{"0":{"loc":{"start":{"line":6,"column":21},"end":{"line":8,"column":10}},"type":"cond-expr","locations":[{"start":{"line":7,"column":6},"end":{"line":7,"column":56}},{"start":{"line":8,"column":6},"end":{"line":8,"column":10}}],"line":6},"1":{"loc":{"start":{"line":15,"column":8},"end":{"line":17,"column":9}},"type":"if","locations":[{"start":{"line":15,"column":8},"end":{"line":17,"column":9}},{"start":{},"end":{}}],"line":15},"2":{"loc":{"start":{"line":19,"column":8},"end":{"line":21,"column":9}},"type":"if","locations":[{"start":{"line":19,"column":8},"end":{"line":21,"column":9}},{"start":{},"end":{}}],"line":19},"3":{"loc":{"start":{"line":19,"column":12},"end":{"line":19,"column":67}},"type":"binary-expr","locations":[{"start":{"line":19,"column":12},"end":{"line":19,"column":19}},{"start":{"line":19,"column":23},"end":{"line":19,"column":49}},{"start":{"line":19,"column":53},"end":{"line":19,"column":67}}],"line":19},"4":{"loc":{"start":{"line":23,"column":8},"end":{"line":25,"column":9}},"type":"if","locations":[{"start":{"line":23,"column":8},"end":{"line":25,"column":9}},{"start":{},"end":{}}],"line":23},"5":{"loc":{"start":{"line":27,"column":8},"end":{"line":29,"column":9}},"type":"if","locations":[{"start":{"line":27,"column":8},"end":{"line":29,"column":9}},{"start":{},"end":{}}],"line":27},"6":{"loc":{"start":{"line":27,"column":12},"end":{"line":27,"column":67}},"type":"binary-expr","locations":[{"start":{"line":27,"column":12},"end":{"line":27,"column":21}},{"start":{"line":27,"column":25},"end":{"line":27,"column":67}}],"line":27},"7":{"loc":{"start":{"line":36,"column":8},"end":{"line":38,"column":9}},"type":"if","locations":[{"start":{"line":36,"column":8},"end":{"line":38,"column":9}},{"start":{},"end":{}}],"line":36},"8":{"loc":{"start":{"line":40,"column":8},"end":{"line":42,"column":9}},"type":"if","locations":[{"start":{"line":40,"column":8},"end":{"line":42,"column":9}},{"start":{},"end":{}}],"line":40},"9":{"loc":{"start":{"line":40,"column":12},"end":{"line":40,"column":42}},"type":"binary-expr","locations":[{"start":{"line":40,"column":12},"end":{"line":40,"column":19}},{"start":{"line":40,"column":23},"end":{"line":40,"column":42}}],"line":40},"10":{"loc":{"start":{"line":45,"column":8},"end":{"line":47,"column":9}},"type":"if","locations":[{"start":{"line":45,"column":8},"end":{"line":47,"column":9}},{"start":{},"end":{}}],"line":45},"11":{"loc":{"start":{"line":49,"column":30},"end":{"line":51,"column":16}},"type":"cond-expr","locations":[{"start":{"line":50,"column":14},"end":{"line":50,"column":102}},{"start":{"line":51,"column":14},"end":{"line":51,"column":16}}],"line":49},"12":{"loc":{"start":{"line":59,"column":29},"end":{"line":59,"column":51}},"type":"binary-expr","locations":[{"start":{"line":59,"column":29},"end":{"line":59,"column":38}},{"start":{"line":59,"column":42},"end":{"line":59,"column":51}}],"line":59},"13":{"loc":{"start":{"line":61,"column":42},"end":{"line":61,"column":72}},"type":"binary-expr","locations":[{"start":{"line":61,"column":42},"end":{"line":61,"column":66}},{"start":{"line":61,"column":70},"end":{"line":61,"column":72}}],"line":61},"14":{"loc":{"start":{"line":62,"column":32},"end":{"line":62,"column":65}},"type":"binary-expr","locations":[{"start":{"line":62,"column":32},"end":{"line":62,"column":56}},{"start":{"line":62,"column":60},"end":{"line":62,"column":65}}],"line":62},"15":{"loc":{"start":{"line":67,"column":22},"end":{"line":67,"column":103}},"type":"binary-expr","locations":[{"start":{"line":67,"column":22},"end":{"line":67,"column":48}},{"start":{"line":67,"column":52},"end":{"line":67,"column":103}}],"line":67},"16":{"loc":{"start":{"line":83,"column":96},"end":{"line":83,"column":46471}},"type":"binary-expr","locations":[{"start":{"line":83,"column":96},"end":{"line":83,"column":133}},{"start":{"line":83,"column":137},"end":{"line":83,"column":46471}}],"line":83}},"s":{"0":8,"1":8,"2":8,"3":8,"4":8,"5":8,"6":8,"7":8,"8":8,"9":8,"10":1,"11":7,"12":1,"13":6,"14":1,"15":5,"16":1,"17":4,"18":4,"19":1,"20":3,"21":0,"22":3,"23":2,"24":3,"25":1,"26":2,"27":1,"28":2,"29":2,"30":2,"31":1,"32":1,"33":1,"34":1,"35":8,"36":1,"37":1,"38":0},"f":{"0":8,"1":2,"2":1,"3":1},"b":{"0":[7,1],"1":[1,7],"2":[1,6],"3":[7,7,7],"4":[1,5],"5":[1,4],"6":[5,5],"7":[1,3],"8":[0,3],"9":[3,3],"10":[1,2],"11":[2,0],"12":[2,0],"13":[2,0],"14":[2,1],"15":[1,0],"16":[1,1]},"_coverageSchema":"1a1c01bbd47fc00a2c39e90264f33305004495a9","hash":"d397f25bfc50a4859fe986536eca8f8073142af2"}
,"D:\\01_College\\4th_Sem\\EdTech_platform\\server\\controllers\\courseController.js": {"path":"D:\\01_College\\4th_Sem\\EdTech_platform\\server\\controllers\\courseController.js","statementMap":{"0":{"start":{"line":1,"column":14},"end":{"line":1,"column":44}},"1":{"start":{"line":4,"column":21},"end":{"line":14,"column":1}},"2":{"start":{"line":5,"column":4},"end":{"line":13,"column":5}},"3":{"start":{"line":6,"column":23},"end":{"line":6,"column":137}},"4":{"start":{"line":8,"column":8},"end":{"line":8,"column":103}},"5":{"start":{"line":11,"column":28},"end":{"line":11,"column":114}},"6":{"start":{"line":12,"column":8},"end":{"line":12,"column":100}},"7":{"start":{"line":17,"column":21},"end":{"line":36,"column":1}},"8":{"start":{"line":18,"column":16},"end":{"line":18,"column":26}},"9":{"start":{"line":19,"column":4},"end":{"line":35,"column":5}},"10":{"start":{"line":20,"column":22},"end":{"line":20,"column":76}},"11":{"start":{"line":23,"column":8},"end":{"line":29,"column":10}},"12":{"start":{"line":24,"column":12},"end":{"line":28,"column":14}},"13":{"start":{"line":25,"column":16},"end":{"line":27,"column":17}},"14":{"start":{"line":26,"column":20},"end":{"line":26,"column":43}},"15":{"start":{"line":31,"column":8},"end":{"line":31,"column":101}},"16":{"start":{"line":33,"column":28},"end":{"line":33,"column":115}},"17":{"start":{"line":34,"column":8},"end":{"line":34,"column":101}},"18":{"start":{"line":37,"column":0},"end":{"line":37,"column":47}},"19":{"start":{"line":44,"column":85},"end":{"line":44,"column":46500}},"20":{"start":{"line":44,"column":89},"end":{"line":44,"column":46472}},"21":{"start":{"line":44,"column":46482},"end":{"line":44,"column":46499}}},"fnMap":{"0":{"name":"(anonymous_0)","decl":{"start":{"line":4,"column":21},"end":{"line":4,"column":22}},"loc":{"start":{"line":4,"column":39},"end":{"line":14,"column":1}},"line":4},"1":{"name":"(anonymous_1)","decl":{"start":{"line":17,"column":21},"end":{"line":17,"column":22}},"loc":{"start":{"line":17,"column":39},"end":{"line":36,"column":1}},"line":17},"2":{"name":"(anonymous_2)","decl":{"start":{"line":23,"column":37},"end":{"line":23,"column":38}},"loc":{"start":{"line":23,"column":46},"end":{"line":29,"column":9}},"line":23},"3":{"name":"(anonymous_3)","decl":{"start":{"line":24,"column":43},"end":{"line":24,"column":44}},"loc":{"start":{"line":24,"column":52},"end":{"line":28,"column":13}},"line":24},"4":{"name":"oo_cm","decl":{"start":{"line":44,"column":77},"end":{"line":44,"column":82}},"loc":{"start":{"line":44,"column":84},"end":{"line":44,"column":46501}},"line":44}},"branchMap":{"0":{"loc":{"start":{"line":25,"column":16},"end":{"line":27,"column":17}},"type":"if","locations":[{"start":{"line":25,"column":16},"end":{"line":27,"column":17}},{"start":{},"end":{}}],"line":25},"1":{"loc":{"start":{"line":44,"column":96},"end":{"line":44,"column":46471}},"type":"binary-expr","locations":[{"start":{"line":44,"column":96},"end":{"line":44,"column":133}},{"start":{"line":44,"column":137},"end":{"line":44,"column":46471}}],"line":44}},"s":{"0":1,"1":1,"2":2,"3":2,"4":1,"5":1,"6":1,"7":1,"8":2,"9":2,"10":2,"11":1,"12":1,"13":2,"14":1,"15":1,"16":1,"17":1,"18":1,"19":2,"20":2,"21":0},"f":{"0":2,"1":2,"2":1,"3":2,"4":2},"b":{"0":[1,1],"1":[2,1]},"_coverageSchema":"1a1c01bbd47fc00a2c39e90264f33305004495a9","hash":"ddc3c6fe2f516695a95bcb74ba87bf783b72bfe3"}
,"D:\\01_College\\4th_Sem\\EdTech_platform\\server\\controllers\\educatorController.js": {"path":"D:\\01_College\\4th_Sem\\EdTech_platform\\server\\controllers\\educatorController.js","statementMap":{"0":{"start":{"line":1,"column":12},"end":{"line":1,"column":40}},"1":{"start":{"line":2,"column":14},"end":{"line":2,"column":44}},"2":{"start":{"line":3,"column":17},"end":{"line":3,"column":49}},"3":{"start":{"line":4,"column":21},"end":{"line":4,"column":56}},"4":{"start":{"line":8,"column":28},"end":{"line":41,"column":1}},"5":{"start":{"line":9,"column":4},"end":{"line":40,"column":5}},"6":{"start":{"line":10,"column":22},"end":{"line":10,"column":32}},"7":{"start":{"line":12,"column":8},"end":{"line":17,"column":9}},"8":{"start":{"line":13,"column":12},"end":{"line":16,"column":15}},"9":{"start":{"line":19,"column":28},"end":{"line":19,"column":117}},"10":{"start":{"line":21,"column":20},"end":{"line":21,"column":47}},"11":{"start":{"line":22,"column":8},"end":{"line":24,"column":9}},"12":{"start":{"line":23,"column":12},"end":{"line":23,"column":85}},"13":{"start":{"line":26,"column":8},"end":{"line":31,"column":9}},"14":{"start":{"line":27,"column":12},"end":{"line":30,"column":15}},"15":{"start":{"line":33,"column":8},"end":{"line":33,"column":30}},"16":{"start":{"line":34,"column":8},"end":{"line":34,"column":26}},"17":{"start":{"line":36,"column":8},"end":{"line":36,"column":94}},"18":{"start":{"line":38,"column":28},"end":{"line":38,"column":119}},"19":{"start":{"line":39,"column":8},"end":{"line":39,"column":105}},"20":{"start":{"line":45,"column":17},"end":{"line":68,"column":1}},"21":{"start":{"line":47,"column":4},"end":{"line":67,"column":5}},"22":{"start":{"line":48,"column":28},"end":{"line":48,"column":36}},"23":{"start":{"line":49,"column":25},"end":{"line":49,"column":33}},"24":{"start":{"line":51,"column":8},"end":{"line":53,"column":9}},"25":{"start":{"line":52,"column":12},"end":{"line":52,"column":93}},"26":{"start":{"line":54,"column":32},"end":{"line":54,"column":54}},"27":{"start":{"line":55,"column":8},"end":{"line":55,"column":46}},"28":{"start":{"line":57,"column":27},"end":{"line":57,"column":75}},"29":{"start":{"line":58,"column":8},"end":{"line":58,"column":65}},"30":{"start":{"line":60,"column":25},"end":{"line":60,"column":62}},"31":{"start":{"line":62,"column":8},"end":{"line":62,"column":31}},"32":{"start":{"line":63,"column":8},"end":{"line":63,"column":91}},"33":{"start":{"line":65,"column":28},"end":{"line":65,"column":111}},"34":{"start":{"line":66,"column":8},"end":{"line":66,"column":97}},"35":{"start":{"line":71,"column":26},"end":{"line":81,"column":1}},"36":{"start":{"line":72,"column":4},"end":{"line":80,"column":5}},"37":{"start":{"line":73,"column":24},"end":{"line":73,"column":34}},"38":{"start":{"line":75,"column":23},"end":{"line":75,"column":64}},"39":{"start":{"line":76,"column":8},"end":{"line":76,"column":121}},"40":{"start":{"line":78,"column":28},"end":{"line":78,"column":118}},"41":{"start":{"line":79,"column":8},"end":{"line":79,"column":104}},"42":{"start":{"line":84,"column":29},"end":{"line":122,"column":1}},"43":{"start":{"line":85,"column":4},"end":{"line":121,"column":5}},"44":{"start":{"line":86,"column":24},"end":{"line":86,"column":34}},"45":{"start":{"line":87,"column":23},"end":{"line":87,"column":64}},"46":{"start":{"line":88,"column":28},"end":{"line":88,"column":42}},"47":{"start":{"line":90,"column":25},"end":{"line":90,"column":57}},"48":{"start":{"line":90,"column":46},"end":{"line":90,"column":56}},"49":{"start":{"line":93,"column":25},"end":{"line":96,"column":10}},"50":{"start":{"line":98,"column":28},"end":{"line":98,"column":88}},"51":{"start":{"line":98,"column":63},"end":{"line":98,"column":84}},"52":{"start":{"line":101,"column":36},"end":{"line":101,"column":38}},"53":{"start":{"line":102,"column":8},"end":{"line":112,"column":9}},"54":{"start":{"line":103,"column":28},"end":{"line":105,"column":30}},"55":{"start":{"line":106,"column":12},"end":{"line":111,"column":14}},"56":{"start":{"line":107,"column":16},"end":{"line":110,"column":19}},"57":{"start":{"line":113,"column":8},"end":{"line":117,"column":11}},"58":{"start":{"line":119,"column":28},"end":{"line":119,"column":127}},"59":{"start":{"line":120,"column":8},"end":{"line":120,"column":111}},"60":{"start":{"line":124,"column":21},"end":{"line":140,"column":1}},"61":{"start":{"line":125,"column":4},"end":{"line":139,"column":5}},"62":{"start":{"line":126,"column":26},"end":{"line":126,"column":36}},"63":{"start":{"line":127,"column":24},"end":{"line":127,"column":34}},"64":{"start":{"line":128,"column":22},"end":{"line":128,"column":79}},"65":{"start":{"line":130,"column":8},"end":{"line":132,"column":9}},"66":{"start":{"line":131,"column":12},"end":{"line":131,"column":87}},"67":{"start":{"line":133,"column":8},"end":{"line":133,"column":33}},"68":{"start":{"line":135,"column":26},"end":{"line":135,"column":67}},"69":{"start":{"line":136,"column":8},"end":{"line":136,"column":118}},"70":{"start":{"line":138,"column":8},"end":{"line":138,"column":95}},"71":{"start":{"line":143,"column":31},"end":{"line":166,"column":1}},"72":{"start":{"line":144,"column":4},"end":{"line":165,"column":5}},"73":{"start":{"line":145,"column":24},"end":{"line":145,"column":34}},"74":{"start":{"line":146,"column":23},"end":{"line":146,"column":64}},"75":{"start":{"line":148,"column":25},"end":{"line":148,"column":58}},"76":{"start":{"line":148,"column":47},"end":{"line":148,"column":57}},"77":{"start":{"line":150,"column":25},"end":{"line":153,"column":82}},"78":{"start":{"line":155,"column":32},"end":{"line":159,"column":11}},"79":{"start":{"line":155,"column":59},"end":{"line":159,"column":9}},"80":{"start":{"line":161,"column":8},"end":{"line":161,"column":89}},"81":{"start":{"line":163,"column":28},"end":{"line":163,"column":126}},"82":{"start":{"line":164,"column":8},"end":{"line":164,"column":110}},"83":{"start":{"line":167,"column":0},"end":{"line":167,"column":134}},"84":{"start":{"line":174,"column":85},"end":{"line":174,"column":46500}},"85":{"start":{"line":174,"column":89},"end":{"line":174,"column":46472}},"86":{"start":{"line":174,"column":46482},"end":{"line":174,"column":46499}}},"fnMap":{"0":{"name":"(anonymous_0)","decl":{"start":{"line":8,"column":28},"end":{"line":8,"column":29}},"loc":{"start":{"line":8,"column":46},"end":{"line":41,"column":1}},"line":8},"1":{"name":"(anonymous_1)","decl":{"start":{"line":45,"column":17},"end":{"line":45,"column":18}},"loc":{"start":{"line":45,"column":35},"end":{"line":68,"column":1}},"line":45},"2":{"name":"(anonymous_2)","decl":{"start":{"line":71,"column":26},"end":{"line":71,"column":27}},"loc":{"start":{"line":71,"column":44},"end":{"line":81,"column":1}},"line":71},"3":{"name":"(anonymous_3)","decl":{"start":{"line":84,"column":29},"end":{"line":84,"column":30}},"loc":{"start":{"line":84,"column":47},"end":{"line":122,"column":1}},"line":84},"4":{"name":"(anonymous_4)","decl":{"start":{"line":90,"column":37},"end":{"line":90,"column":38}},"loc":{"start":{"line":90,"column":46},"end":{"line":90,"column":56}},"line":90},"5":{"name":"(anonymous_5)","decl":{"start":{"line":98,"column":45},"end":{"line":98,"column":46}},"loc":{"start":{"line":98,"column":63},"end":{"line":98,"column":84}},"line":98},"6":{"name":"(anonymous_6)","decl":{"start":{"line":106,"column":29},"end":{"line":106,"column":30}},"loc":{"start":{"line":106,"column":39},"end":{"line":111,"column":13}},"line":106},"7":{"name":"(anonymous_7)","decl":{"start":{"line":124,"column":21},"end":{"line":124,"column":22}},"loc":{"start":{"line":124,"column":37},"end":{"line":140,"column":1}},"line":124},"8":{"name":"(anonymous_8)","decl":{"start":{"line":143,"column":31},"end":{"line":143,"column":32}},"loc":{"start":{"line":143,"column":49},"end":{"line":166,"column":1}},"line":143},"9":{"name":"(anonymous_9)","decl":{"start":{"line":148,"column":37},"end":{"line":148,"column":38}},"loc":{"start":{"line":148,"column":47},"end":{"line":148,"column":57}},"line":148},"10":{"name":"(anonymous_10)","decl":{"start":{"line":155,"column":46},"end":{"line":155,"column":47}},"loc":{"start":{"line":155,"column":59},"end":{"line":159,"column":9}},"line":155},"11":{"name":"oo_cm","decl":{"start":{"line":174,"column":77},"end":{"line":174,"column":82}},"loc":{"start":{"line":174,"column":84},"end":{"line":174,"column":46501}},"line":174}},"branchMap":{"0":{"loc":{"start":{"line":12,"column":8},"end":{"line":17,"column":9}},"type":"if","locations":[{"start":{"line":12,"column":8},"end":{"line":17,"column":9}},{"start":{},"end":{}}],"line":12},"1":{"loc":{"start":{"line":22,"column":8},"end":{"line":24,"column":9}},"type":"if","locations":[{"start":{"line":22,"column":8},"end":{"line":24,"column":9}},{"start":{},"end":{}}],"line":22},"2":{"loc":{"start":{"line":26,"column":8},"end":{"line":31,"column":9}},"type":"if","locations":[{"start":{"line":26,"column":8},"end":{"line":31,"column":9}},{"start":{},"end":{}}],"line":26},"3":{"loc":{"start":{"line":51,"column":8},"end":{"line":53,"column":9}},"type":"if","locations":[{"start":{"line":51,"column":8},"end":{"line":53,"column":9}},{"start":{},"end":{}}],"line":51},"4":{"loc":{"start":{"line":130,"column":8},"end":{"line":132,"column":9}},"type":"if","locations":[{"start":{"line":130,"column":8},"end":{"line":132,"column":9}},{"start":{},"end":{}}],"line":130},"5":{"loc":{"start":{"line":174,"column":96},"end":{"line":174,"column":46471}},"type":"binary-expr","locations":[{"start":{"line":174,"column":96},"end":{"line":174,"column":133}},{"start":{"line":174,"column":137},"end":{"line":174,"column":46471}}],"line":174}},"s":{"0":2,"1":2,"2":2,"3":2,"4":2,"5":6,"6":6,"7":6,"8":1,"9":5,"10":5,"11":4,"12":1,"13":3,"14":1,"15":2,"16":2,"17":2,"18":1,"19":1,"20":2,"21":4,"22":4,"23":4,"24":4,"25":2,"26":2,"27":1,"28":1,"29":1,"30":1,"31":1,"32":1,"33":1,"34":1,"35":2,"36":3,"37":3,"38":3,"39":2,"40":1,"41":1,"42":2,"43":3,"44":3,"45":3,"46":2,"47":2,"48":3,"49":2,"50":2,"51":3,"52":2,"53":2,"54":3,"55":3,"56":4,"57":2,"58":1,"59":1,"60":2,"61":4,"62":4,"63":4,"64":4,"65":3,"66":2,"67":1,"68":1,"69":1,"70":1,"71":2,"72":2,"73":2,"74":2,"75":1,"76":1,"77":1,"78":1,"79":1,"80":1,"81":1,"82":1,"83":2,"84":10,"85":10,"86":0},"f":{"0":6,"1":4,"2":3,"3":3,"4":3,"5":3,"6":4,"7":4,"8":2,"9":1,"10":1,"11":10},"b":{"0":[1,5],"1":[1,3],"2":[1,2],"3":[2,2],"4":[2,1],"5":[10,2]},"_coverageSchema":"1a1c01bbd47fc00a2c39e90264f33305004495a9","hash":"27cc5687e00a07a00a47d7efbfffe0c34c51dc06"}
,"D:\\01_College\\4th_Sem\\EdTech_platform\\server\\controllers\\loginController.js": {"path":"D:\\01_College\\4th_Sem\\EdTech_platform\\server\\controllers\\loginController.js","statementMap":{"0":{"start":{"line":1,"column":12},"end":{"line":1,"column":40}},"1":{"start":{"line":2,"column":17},"end":{"line":2,"column":37}},"2":{"start":{"line":3,"column":14},"end":{"line":3,"column":31}},"3":{"start":{"line":4,"column":11},"end":{"line":4,"column":34}},"4":{"start":{"line":7,"column":19},"end":{"line":10,"column":1}},"5":{"start":{"line":8,"column":17},"end":{"line":8,"column":86}},"6":{"start":{"line":9,"column":4},"end":{"line":9,"column":17}},"7":{"start":{"line":12,"column":17},"end":{"line":50,"column":1}},"8":{"start":{"line":13,"column":4},"end":{"line":49,"column":5}},"9":{"start":{"line":14,"column":33},"end":{"line":14,"column":41}},"10":{"start":{"line":17,"column":8},"end":{"line":19,"column":9}},"11":{"start":{"line":18,"column":12},"end":{"line":18,"column":102}},"12":{"start":{"line":20,"column":8},"end":{"line":22,"column":9}},"13":{"start":{"line":21,"column":12},"end":{"line":21,"column":91}},"14":{"start":{"line":25,"column":20},"end":{"line":25,"column":67}},"15":{"start":{"line":26,"column":8},"end":{"line":28,"column":9}},"16":{"start":{"line":27,"column":12},"end":{"line":27,"column":85}},"17":{"start":{"line":31,"column":23},"end":{"line":31,"column":68}},"18":{"start":{"line":32,"column":8},"end":{"line":34,"column":9}},"19":{"start":{"line":33,"column":12},"end":{"line":33,"column":89}},"20":{"start":{"line":37,"column":21},"end":{"line":37,"column":42}},"21":{"start":{"line":39,"column":8},"end":{"line":45,"column":11}},"22":{"start":{"line":47,"column":28},"end":{"line":47,"column":108}},"23":{"start":{"line":48,"column":8},"end":{"line":48,"column":92}},"24":{"start":{"line":52,"column":18},"end":{"line":93,"column":1}},"25":{"start":{"line":53,"column":4},"end":{"line":92,"column":5}},"26":{"start":{"line":54,"column":48},"end":{"line":54,"column":56}},"27":{"start":{"line":56,"column":8},"end":{"line":58,"column":9}},"28":{"start":{"line":57,"column":12},"end":{"line":57,"column":94}},"29":{"start":{"line":59,"column":8},"end":{"line":61,"column":9}},"30":{"start":{"line":60,"column":12},"end":{"line":60,"column":91}},"31":{"start":{"line":62,"column":8},"end":{"line":64,"column":9}},"32":{"start":{"line":63,"column":12},"end":{"line":63,"column":114}},"33":{"start":{"line":65,"column":28},"end":{"line":65,"column":55}},"34":{"start":{"line":66,"column":8},"end":{"line":68,"column":9}},"35":{"start":{"line":67,"column":12},"end":{"line":67,"column":98}},"36":{"start":{"line":69,"column":24},"end":{"line":69,"column":54}},"37":{"start":{"line":71,"column":20},"end":{"line":76,"column":9}},"38":{"start":{"line":77,"column":23},"end":{"line":77,"column":46}},"39":{"start":{"line":79,"column":21},"end":{"line":79,"column":45}},"40":{"start":{"line":81,"column":8},"end":{"line":88,"column":11}},"41":{"start":{"line":90,"column":28},"end":{"line":90,"column":109}},"42":{"start":{"line":91,"column":8},"end":{"line":91,"column":93}},"43":{"start":{"line":95,"column":16},"end":{"line":120,"column":1}},"44":{"start":{"line":96,"column":4},"end":{"line":119,"column":5}},"45":{"start":{"line":97,"column":22},"end":{"line":97,"column":32}},"46":{"start":{"line":99,"column":8},"end":{"line":104,"column":9}},"47":{"start":{"line":100,"column":12},"end":{"line":103,"column":15}},"48":{"start":{"line":105,"column":20},"end":{"line":105,"column":47}},"49":{"start":{"line":106,"column":8},"end":{"line":108,"column":9}},"50":{"start":{"line":107,"column":12},"end":{"line":107,"column":85}},"51":{"start":{"line":109,"column":8},"end":{"line":115,"column":12}},"52":{"start":{"line":117,"column":28},"end":{"line":117,"column":116}},"53":{"start":{"line":118,"column":8},"end":{"line":118,"column":98}},"54":{"start":{"line":122,"column":0},"end":{"line":122,"column":50}},"55":{"start":{"line":129,"column":85},"end":{"line":129,"column":46500}},"56":{"start":{"line":129,"column":89},"end":{"line":129,"column":46472}},"57":{"start":{"line":129,"column":46482},"end":{"line":129,"column":46499}}},"fnMap":{"0":{"name":"(anonymous_0)","decl":{"start":{"line":7,"column":19},"end":{"line":7,"column":20}},"loc":{"start":{"line":7,"column":29},"end":{"line":10,"column":1}},"line":7},"1":{"name":"(anonymous_1)","decl":{"start":{"line":12,"column":17},"end":{"line":12,"column":18}},"loc":{"start":{"line":12,"column":35},"end":{"line":50,"column":1}},"line":12},"2":{"name":"(anonymous_2)","decl":{"start":{"line":52,"column":18},"end":{"line":52,"column":19}},"loc":{"start":{"line":52,"column":36},"end":{"line":93,"column":1}},"line":52},"3":{"name":"(anonymous_3)","decl":{"start":{"line":95,"column":16},"end":{"line":95,"column":17}},"loc":{"start":{"line":95,"column":34},"end":{"line":120,"column":1}},"line":95},"4":{"name":"oo_cm","decl":{"start":{"line":129,"column":77},"end":{"line":129,"column":82}},"loc":{"start":{"line":129,"column":84},"end":{"line":129,"column":46501}},"line":129}},"branchMap":{"0":{"loc":{"start":{"line":17,"column":8},"end":{"line":19,"column":9}},"type":"if","locations":[{"start":{"line":17,"column":8},"end":{"line":19,"column":9}},{"start":{},"end":{}}],"line":17},"1":{"loc":{"start":{"line":17,"column":11},"end":{"line":17,"column":30}},"type":"binary-expr","locations":[{"start":{"line":17,"column":11},"end":{"line":17,"column":17}},{"start":{"line":17,"column":21},"end":{"line":17,"column":30}}],"line":17},"2":{"loc":{"start":{"line":20,"column":8},"end":{"line":22,"column":9}},"type":"if","locations":[{"start":{"line":20,"column":8},"end":{"line":22,"column":9}},{"start":{},"end":{}}],"line":20},"3":{"loc":{"start":{"line":26,"column":8},"end":{"line":28,"column":9}},"type":"if","locations":[{"start":{"line":26,"column":8},"end":{"line":28,"column":9}},{"start":{},"end":{}}],"line":26},"4":{"loc":{"start":{"line":32,"column":8},"end":{"line":34,"column":9}},"type":"if","locations":[{"start":{"line":32,"column":8},"end":{"line":34,"column":9}},{"start":{},"end":{}}],"line":32},"5":{"loc":{"start":{"line":56,"column":8},"end":{"line":58,"column":9}},"type":"if","locations":[{"start":{"line":56,"column":8},"end":{"line":58,"column":9}},{"start":{},"end":{}}],"line":56},"6":{"loc":{"start":{"line":56,"column":11},"end":{"line":56,"column":39}},"type":"binary-expr","locations":[{"start":{"line":56,"column":11},"end":{"line":56,"column":20}},{"start":{"line":56,"column":24},"end":{"line":56,"column":29}},{"start":{"line":56,"column":33},"end":{"line":56,"column":39}}],"line":56},"7":{"loc":{"start":{"line":59,"column":8},"end":{"line":61,"column":9}},"type":"if","locations":[{"start":{"line":59,"column":8},"end":{"line":61,"column":9}},{"start":{},"end":{}}],"line":59},"8":{"loc":{"start":{"line":62,"column":8},"end":{"line":64,"column":9}},"type":"if","locations":[{"start":{"line":62,"column":8},"end":{"line":64,"column":9}},{"start":{},"end":{}}],"line":62},"9":{"loc":{"start":{"line":66,"column":8},"end":{"line":68,"column":9}},"type":"if","locations":[{"start":{"line":66,"column":8},"end":{"line":68,"column":9}},{"start":{},"end":{}}],"line":66},"10":{"loc":{"start":{"line":75,"column":22},"end":{"line":75,"column":36}},"type":"binary-expr","locations":[{"start":{"line":75,"column":22},"end":{"line":75,"column":30}},{"start":{"line":75,"column":34},"end":{"line":75,"column":36}}],"line":75},"11":{"loc":{"start":{"line":99,"column":8},"end":{"line":104,"column":9}},"type":"if","locations":[{"start":{"line":99,"column":8},"end":{"line":104,"column":9}},{"start":{},"end":{}}],"line":99},"12":{"loc":{"start":{"line":106,"column":8},"end":{"line":108,"column":9}},"type":"if","locations":[{"start":{"line":106,"column":8},"end":{"line":108,"column":9}},{"start":{},"end":{}}],"line":106},"13":{"loc":{"start":{"line":129,"column":96},"end":{"line":129,"column":46471}},"type":"binary-expr","locations":[{"start":{"line":129,"column":96},"end":{"line":129,"column":133}},{"start":{"line":129,"column":137},"end":{"line":129,"column":46471}}],"line":129}},"s":{"0":2,"1":2,"2":2,"3":2,"4":2,"5":3,"6":3,"7":2,"8":8,"9":8,"10":8,"11":1,"12":7,"13":1,"14":6,"15":5,"16":1,"17":4,"18":4,"19":2,"20":2,"21":2,"22":1,"23":1,"24":2,"25":5,"26":5,"27":5,"28":2,"29":3,"30":1,"31":2,"32":0,"33":2,"34":2,"35":1,"36":1,"37":1,"38":1,"39":1,"40":1,"41":0,"42":0,"43":2,"44":2,"45":2,"46":2,"47":1,"48":1,"49":1,"50":0,"51":1,"52":0,"53":0,"54":2,"55":1,"56":1,"57":0},"f":{"0":3,"1":8,"2":5,"3":2,"4":1},"b":{"0":[1,7],"1":[8,7],"2":[1,6],"3":[1,4],"4":[2,2],"5":[2,3],"6":[5,3,3],"7":[1,2],"8":[0,2],"9":[1,1],"10":[1,0],"11":[1,1],"12":[0,1],"13":[1,1]},"_coverageSchema":"1a1c01bbd47fc00a2c39e90264f33305004495a9","hash":"02e9c853e8400725bd87f7944991b87a9789bce3"}
,"D:\\01_College\\4th_Sem\\EdTech_platform\\server\\controllers\\userController.js": {"path":"D:\\01_College\\4th_Sem\\EdTech_platform\\server\\controllers\\userController.js","statementMap":{"0":{"start":{"line":1,"column":14},"end":{"line":1,"column":31}},"1":{"start":{"line":2,"column":14},"end":{"line":2,"column":44}},"2":{"start":{"line":3,"column":17},"end":{"line":3,"column":49}},"3":{"start":{"line":4,"column":12},"end":{"line":4,"column":40}},"4":{"start":{"line":5,"column":22},"end":{"line":5,"column":60}},"5":{"start":{"line":8,"column":19},"end":{"line":21,"column":1}},"6":{"start":{"line":9,"column":4},"end":{"line":20,"column":5}},"7":{"start":{"line":10,"column":22},"end":{"line":10,"column":32}},"8":{"start":{"line":12,"column":20},"end":{"line":12,"column":47}},"9":{"start":{"line":13,"column":8},"end":{"line":15,"column":9}},"10":{"start":{"line":14,"column":12},"end":{"line":14,"column":85}},"11":{"start":{"line":16,"column":8},"end":{"line":16,"column":102}},"12":{"start":{"line":18,"column":28},"end":{"line":18,"column":112}},"13":{"start":{"line":19,"column":8},"end":{"line":19,"column":98}},"14":{"start":{"line":24,"column":27},"end":{"line":34,"column":1}},"15":{"start":{"line":25,"column":4},"end":{"line":33,"column":5}},"16":{"start":{"line":26,"column":22},"end":{"line":26,"column":32}},"17":{"start":{"line":27,"column":24},"end":{"line":27,"column":79}},"18":{"start":{"line":29,"column":8},"end":{"line":29,"column":138}},"19":{"start":{"line":31,"column":28},"end":{"line":31,"column":112}},"20":{"start":{"line":32,"column":8},"end":{"line":32,"column":105}},"21":{"start":{"line":36,"column":22},"end":{"line":97,"column":1}},"22":{"start":{"line":37,"column":4},"end":{"line":96,"column":5}},"23":{"start":{"line":38,"column":26},"end":{"line":38,"column":34}},"24":{"start":{"line":39,"column":22},"end":{"line":39,"column":44}},"25":{"start":{"line":41,"column":22},"end":{"line":41,"column":32}},"26":{"start":{"line":42,"column":24},"end":{"line":42,"column":51}},"27":{"start":{"line":44,"column":26},"end":{"line":44,"column":57}},"28":{"start":{"line":46,"column":8},"end":{"line":48,"column":9}},"29":{"start":{"line":47,"column":12},"end":{"line":47,"column":85}},"30":{"start":{"line":50,"column":32},"end":{"line":50,"column":117}},"31":{"start":{"line":51,"column":8},"end":{"line":53,"column":9}},"32":{"start":{"line":52,"column":12},"end":{"line":52,"column":95}},"33":{"start":{"line":55,"column":32},"end":{"line":55,"column":108}},"34":{"start":{"line":57,"column":29},"end":{"line":61,"column":9}},"35":{"start":{"line":63,"column":27},"end":{"line":63,"column":62}},"36":{"start":{"line":66,"column":30},"end":{"line":66,"column":71}},"37":{"start":{"line":67,"column":24},"end":{"line":67,"column":58}},"38":{"start":{"line":71,"column":26},"end":{"line":80,"column":10}},"39":{"start":{"line":82,"column":23},"end":{"line":90,"column":10}},"40":{"start":{"line":92,"column":28},"end":{"line":92,"column":94}},"41":{"start":{"line":93,"column":8},"end":{"line":93,"column":79}},"42":{"start":{"line":95,"column":8},"end":{"line":95,"column":102}},"43":{"start":{"line":99,"column":27},"end":{"line":146,"column":1}},"44":{"start":{"line":100,"column":4},"end":{"line":145,"column":5}},"45":{"start":{"line":101,"column":37},"end":{"line":101,"column":45}},"46":{"start":{"line":102,"column":23},"end":{"line":102,"column":33}},"47":{"start":{"line":104,"column":8},"end":{"line":106,"column":9}},"48":{"start":{"line":105,"column":12},"end":{"line":105,"column":92}},"49":{"start":{"line":108,"column":31},"end":{"line":108,"column":66}},"50":{"start":{"line":109,"column":8},"end":{"line":111,"column":9}},"51":{"start":{"line":110,"column":12},"end":{"line":110,"column":91}},"52":{"start":{"line":113,"column":8},"end":{"line":115,"column":9}},"53":{"start":{"line":114,"column":12},"end":{"line":114,"column":107}},"54":{"start":{"line":117,"column":8},"end":{"line":141,"column":9}},"55":{"start":{"line":118,"column":32},"end":{"line":118,"column":98}},"56":{"start":{"line":119,"column":12},"end":{"line":121,"column":13}},"57":{"start":{"line":120,"column":16},"end":{"line":120,"column":95}},"58":{"start":{"line":123,"column":28},"end":{"line":123,"column":68}},"59":{"start":{"line":124,"column":30},"end":{"line":124,"column":74}},"60":{"start":{"line":127,"column":12},"end":{"line":130,"column":13}},"61":{"start":{"line":128,"column":16},"end":{"line":128,"column":63}},"62":{"start":{"line":129,"column":16},"end":{"line":129,"column":40}},"63":{"start":{"line":132,"column":12},"end":{"line":135,"column":13}},"64":{"start":{"line":133,"column":12},"end":{"line":133,"column":58}},"65":{"start":{"line":134,"column":12},"end":{"line":134,"column":34}},"66":{"start":{"line":137,"column":12},"end":{"line":137,"column":116}},"67":{"start":{"line":139,"column":12},"end":{"line":139,"column":77}},"68":{"start":{"line":140,"column":12},"end":{"line":140,"column":101}},"69":{"start":{"line":143,"column":28},"end":{"line":143,"column":126}},"70":{"start":{"line":144,"column":8},"end":{"line":144,"column":113}},"71":{"start":{"line":149,"column":32},"end":{"line":177,"column":1}},"72":{"start":{"line":150,"column":18},"end":{"line":150,"column":28}},"73":{"start":{"line":151,"column":33},"end":{"line":151,"column":41}},"74":{"start":{"line":153,"column":4},"end":{"line":155,"column":5}},"75":{"start":{"line":154,"column":8},"end":{"line":154,"column":108}},"76":{"start":{"line":157,"column":4},"end":{"line":176,"column":5}},"77":{"start":{"line":158,"column":28},"end":{"line":158,"column":76}},"78":{"start":{"line":160,"column":8},"end":{"line":171,"column":9}},"79":{"start":{"line":161,"column":12},"end":{"line":163,"column":13}},"80":{"start":{"line":162,"column":16},"end":{"line":162,"column":109}},"81":{"start":{"line":165,"column":12},"end":{"line":165,"column":58}},"82":{"start":{"line":166,"column":12},"end":{"line":166,"column":38}},"83":{"start":{"line":168,"column":12},"end":{"line":170,"column":15}},"84":{"start":{"line":172,"column":8},"end":{"line":172,"column":121}},"85":{"start":{"line":174,"column":28},"end":{"line":174,"column":120}},"86":{"start":{"line":175,"column":8},"end":{"line":175,"column":104}},"87":{"start":{"line":180,"column":29},"end":{"line":194,"column":1}},"88":{"start":{"line":181,"column":18},"end":{"line":181,"column":28}},"89":{"start":{"line":182,"column":22},"end":{"line":182,"column":30}},"90":{"start":{"line":184,"column":4},"end":{"line":193,"column":5}},"91":{"start":{"line":185,"column":28},"end":{"line":185,"column":76}},"92":{"start":{"line":189,"column":8},"end":{"line":189,"column":116}},"93":{"start":{"line":191,"column":28},"end":{"line":191,"column":120}},"94":{"start":{"line":192,"column":8},"end":{"line":192,"column":104}},"95":{"start":{"line":198,"column":21},"end":{"line":229,"column":1}},"96":{"start":{"line":199,"column":18},"end":{"line":199,"column":28}},"97":{"start":{"line":200,"column":30},"end":{"line":200,"column":38}},"98":{"start":{"line":202,"column":4},"end":{"line":204,"column":5}},"99":{"start":{"line":203,"column":8},"end":{"line":203,"column":97}},"100":{"start":{"line":205,"column":4},"end":{"line":228,"column":5}},"101":{"start":{"line":206,"column":26},"end":{"line":206,"column":57}},"102":{"start":{"line":207,"column":8},"end":{"line":209,"column":9}},"103":{"start":{"line":208,"column":12},"end":{"line":208,"column":87}},"104":{"start":{"line":212,"column":20},"end":{"line":212,"column":47}},"105":{"start":{"line":213,"column":8},"end":{"line":215,"column":9}},"106":{"start":{"line":214,"column":12},"end":{"line":214,"column":102}},"107":{"start":{"line":216,"column":35},"end":{"line":216,"column":105}},"108":{"start":{"line":216,"column":74},"end":{"line":216,"column":104}},"109":{"start":{"line":218,"column":8},"end":{"line":222,"column":9}},"110":{"start":{"line":219,"column":12},"end":{"line":219,"column":73}},"111":{"start":{"line":221,"column":12},"end":{"line":221,"column":60}},"112":{"start":{"line":223,"column":8},"end":{"line":223,"column":32}},"113":{"start":{"line":224,"column":8},"end":{"line":224,"column":99}},"114":{"start":{"line":226,"column":28},"end":{"line":226,"column":118}},"115":{"start":{"line":227,"column":8},"end":{"line":227,"column":102}},"116":{"start":{"line":231,"column":0},"end":{"line":231,"column":152}},"117":{"start":{"line":238,"column":85},"end":{"line":238,"column":46500}},"118":{"start":{"line":238,"column":89},"end":{"line":238,"column":46472}},"119":{"start":{"line":238,"column":46482},"end":{"line":238,"column":46499}}},"fnMap":{"0":{"name":"(anonymous_0)","decl":{"start":{"line":8,"column":19},"end":{"line":8,"column":20}},"loc":{"start":{"line":8,"column":37},"end":{"line":21,"column":1}},"line":8},"1":{"name":"(anonymous_1)","decl":{"start":{"line":24,"column":27},"end":{"line":24,"column":28}},"loc":{"start":{"line":24,"column":45},"end":{"line":34,"column":1}},"line":24},"2":{"name":"(anonymous_2)","decl":{"start":{"line":36,"column":22},"end":{"line":36,"column":23}},"loc":{"start":{"line":36,"column":40},"end":{"line":97,"column":1}},"line":36},"3":{"name":"(anonymous_3)","decl":{"start":{"line":99,"column":27},"end":{"line":99,"column":28}},"loc":{"start":{"line":99,"column":45},"end":{"line":146,"column":1}},"line":99},"4":{"name":"(anonymous_4)","decl":{"start":{"line":149,"column":32},"end":{"line":149,"column":33}},"loc":{"start":{"line":149,"column":50},"end":{"line":177,"column":1}},"line":149},"5":{"name":"(anonymous_5)","decl":{"start":{"line":180,"column":29},"end":{"line":180,"column":30}},"loc":{"start":{"line":180,"column":47},"end":{"line":194,"column":1}},"line":180},"6":{"name":"(anonymous_6)","decl":{"start":{"line":198,"column":21},"end":{"line":198,"column":22}},"loc":{"start":{"line":198,"column":39},"end":{"line":229,"column":1}},"line":198},"7":{"name":"(anonymous_7)","decl":{"start":{"line":216,"column":70},"end":{"line":216,"column":71}},"loc":{"start":{"line":216,"column":74},"end":{"line":216,"column":104}},"line":216},"8":{"name":"oo_cm","decl":{"start":{"line":238,"column":77},"end":{"line":238,"column":82}},"loc":{"start":{"line":238,"column":84},"end":{"line":238,"column":46501}},"line":238}},"branchMap":{"0":{"loc":{"start":{"line":13,"column":8},"end":{"line":15,"column":9}},"type":"if","locations":[{"start":{"line":13,"column":8},"end":{"line":15,"column":9}},{"start":{},"end":{}}],"line":13},"1":{"loc":{"start":{"line":46,"column":8},"end":{"line":48,"column":9}},"type":"if","locations":[{"start":{"line":46,"column":8},"end":{"line":48,"column":9}},{"start":{},"end":{}}],"line":46},"2":{"loc":{"start":{"line":46,"column":11},"end":{"line":46,"column":35}},"type":"binary-expr","locations":[{"start":{"line":46,"column":11},"end":{"line":46,"column":22}},{"start":{"line":46,"column":26},"end":{"line":46,"column":35}}],"line":46},"3":{"loc":{"start":{"line":51,"column":8},"end":{"line":53,"column":9}},"type":"if","locations":[{"start":{"line":51,"column":8},"end":{"line":53,"column":9}},{"start":{},"end":{}}],"line":51},"4":{"loc":{"start":{"line":104,"column":8},"end":{"line":106,"column":9}},"type":"if","locations":[{"start":{"line":104,"column":8},"end":{"line":106,"column":9}},{"start":{},"end":{}}],"line":104},"5":{"loc":{"start":{"line":109,"column":8},"end":{"line":111,"column":9}},"type":"if","locations":[{"start":{"line":109,"column":8},"end":{"line":111,"column":9}},{"start":{},"end":{}}],"line":109},"6":{"loc":{"start":{"line":113,"column":8},"end":{"line":115,"column":9}},"type":"if","locations":[{"start":{"line":113,"column":8},"end":{"line":115,"column":9}},{"start":{},"end":{}}],"line":113},"7":{"loc":{"start":{"line":117,"column":8},"end":{"line":141,"column":9}},"type":"if","locations":[{"start":{"line":117,"column":8},"end":{"line":141,"column":9}},{"start":{"line":138,"column":13},"end":{"line":141,"column":9}}],"line":117},"8":{"loc":{"start":{"line":119,"column":12},"end":{"line":121,"column":13}},"type":"if","locations":[{"start":{"line":119,"column":12},"end":{"line":121,"column":13}},{"start":{},"end":{}}],"line":119},"9":{"loc":{"start":{"line":127,"column":12},"end":{"line":130,"column":13}},"type":"if","locations":[{"start":{"line":127,"column":12},"end":{"line":130,"column":13}},{"start":{},"end":{}}],"line":127},"10":{"loc":{"start":{"line":132,"column":12},"end":{"line":135,"column":13}},"type":"if","locations":[{"start":{"line":132,"column":12},"end":{"line":135,"column":13}},{"start":{},"end":{}}],"line":132},"11":{"loc":{"start":{"line":153,"column":4},"end":{"line":155,"column":5}},"type":"if","locations":[{"start":{"line":153,"column":4},"end":{"line":155,"column":5}},{"start":{},"end":{}}],"line":153},"12":{"loc":{"start":{"line":153,"column":7},"end":{"line":153,"column":30}},"type":"binary-expr","locations":[{"start":{"line":153,"column":7},"end":{"line":153,"column":16}},{"start":{"line":153,"column":20},"end":{"line":153,"column":30}}],"line":153},"13":{"loc":{"start":{"line":160,"column":8},"end":{"line":171,"column":9}},"type":"if","locations":[{"start":{"line":160,"column":8},"end":{"line":171,"column":9}},{"start":{"line":167,"column":13},"end":{"line":171,"column":9}}],"line":160},"14":{"loc":{"start":{"line":161,"column":12},"end":{"line":163,"column":13}},"type":"if","locations":[{"start":{"line":161,"column":12},"end":{"line":163,"column":13}},{"start":{},"end":{}}],"line":161},"15":{"loc":{"start":{"line":202,"column":4},"end":{"line":204,"column":5}},"type":"if","locations":[{"start":{"line":202,"column":4},"end":{"line":204,"column":5}},{"start":{},"end":{}}],"line":202},"16":{"loc":{"start":{"line":202,"column":7},"end":{"line":202,"column":66}},"type":"binary-expr","locations":[{"start":{"line":202,"column":7},"end":{"line":202,"column":16}},{"start":{"line":202,"column":20},"end":{"line":202,"column":27}},{"start":{"line":202,"column":31},"end":{"line":202,"column":38}},{"start":{"line":202,"column":42},"end":{"line":202,"column":52}},{"start":{"line":202,"column":56},"end":{"line":202,"column":66}}],"line":202},"17":{"loc":{"start":{"line":207,"column":8},"end":{"line":209,"column":9}},"type":"if","locations":[{"start":{"line":207,"column":8},"end":{"line":209,"column":9}},{"start":{},"end":{}}],"line":207},"18":{"loc":{"start":{"line":213,"column":8},"end":{"line":215,"column":9}},"type":"if","locations":[{"start":{"line":213,"column":8},"end":{"line":215,"column":9}},{"start":{},"end":{}}],"line":213},"19":{"loc":{"start":{"line":213,"column":11},"end":{"line":213,"column":60}},"type":"binary-expr","locations":[{"start":{"line":213,"column":11},"end":{"line":213,"column":16}},{"start":{"line":213,"column":20},"end":{"line":213,"column":60}}],"line":213},"20":{"loc":{"start":{"line":218,"column":8},"end":{"line":222,"column":9}},"type":"if","locations":[{"start":{"line":218,"column":8},"end":{"line":222,"column":9}},{"start":{"line":220,"column":13},"end":{"line":222,"column":9}}],"line":218},"21":{"loc":{"start":{"line":238,"column":96},"end":{"line":238,"column":46471}},"type":"binary-expr","locations":[{"start":{"line":238,"column":96},"end":{"line":238,"column":133}},{"start":{"line":238,"column":137},"end":{"line":238,"column":46471}}],"line":238}},"s":{"0":2,"1":2,"2":2,"3":2,"4":2,"5":2,"6":4,"7":4,"8":4,"9":3,"10":1,"11":2,"12":1,"13":1,"14":2,"15":3,"16":3,"17":3,"18":2,"19":1,"20":1,"21":2,"22":5,"23":5,"24":5,"25":5,"26":5,"27":4,"28":4,"29":1,"30":3,"31":3,"32":2,"33":1,"34":1,"35":1,"36":1,"37":1,"38":1,"39":1,"40":1,"41":1,"42":1,"43":2,"44":7,"45":7,"46":7,"47":7,"48":1,"49":6,"50":5,"51":1,"52":4,"53":1,"54":3,"55":2,"56":2,"57":1,"58":1,"59":1,"60":1,"61":1,"62":1,"63":1,"64":1,"65":1,"66":1,"67":1,"68":1,"69":1,"70":1,"71":2,"72":6,"73":6,"74":6,"75":2,"76":4,"77":4,"78":3,"79":2,"80":1,"81":1,"82":1,"83":1,"84":2,"85":1,"86":1,"87":2,"88":3,"89":3,"90":3,"91":3,"92":2,"93":1,"94":1,"95":2,"96":7,"97":7,"98":7,"99":1,"100":6,"101":6,"102":5,"103":1,"104":4,"105":4,"106":2,"107":2,"108":1,"109":2,"110":1,"111":1,"112":2,"113":2,"114":1,"115":1,"116":2,"117":7,"118":7,"119":0},"f":{"0":4,"1":3,"2":5,"3":7,"4":6,"5":3,"6":7,"7":1,"8":7},"b":{"0":[1,2],"1":[1,3],"2":[4,4],"3":[2,1],"4":[1,6],"5":[1,4],"6":[1,3],"7":[2,1],"8":[1,1],"9":[1,0],"10":[1,0],"11":[2,4],"12":[6,6],"13":[2,1],"14":[1,1],"15":[1,6],"16":[7,6,6,6,6],"17":[1,4],"18":[2,2],"19":[4,4],"20":[1,1],"21":[7,1]},"_coverageSchema":"1a1c01bbd47fc00a2c39e90264f33305004495a9","hash":"1bb1d6604bf90ce38dcfd385ac80ee402f44a762"}
,"D:\\01_College\\4th_Sem\\EdTech_platform\\server\\middlewares\\authMiddleware.js": {"path":"D:\\01_College\\4th_Sem\\EdTech_platform\\server\\middlewares\\authMiddleware.js","statementMap":{"0":{"start":{"line":1,"column":12},"end":{"line":1,"column":35}},"1":{"start":{"line":2,"column":12},"end":{"line":2,"column":40}},"2":{"start":{"line":4,"column":22},"end":{"line":20,"column":1}},"3":{"start":{"line":5,"column":4},"end":{"line":19,"column":5}},"4":{"start":{"line":6,"column":26},"end":{"line":6,"column":51}},"5":{"start":{"line":7,"column":8},"end":{"line":9,"column":9}},"6":{"start":{"line":8,"column":12},"end":{"line":8,"column":101}},"7":{"start":{"line":10,"column":21},"end":{"line":10,"column":45}},"8":{"start":{"line":11,"column":8},"end":{"line":13,"column":9}},"9":{"start":{"line":12,"column":12},"end":{"line":12,"column":101}},"10":{"start":{"line":14,"column":23},"end":{"line":14,"column":68}},"11":{"start":{"line":15,"column":8},"end":{"line":15,"column":31}},"12":{"start":{"line":16,"column":8},"end":{"line":16,"column":22}},"13":{"start":{"line":18,"column":8},"end":{"line":18,"column":82}},"14":{"start":{"line":22,"column":23},"end":{"line":37,"column":1}},"15":{"start":{"line":23,"column":4},"end":{"line":36,"column":5}},"16":{"start":{"line":24,"column":26},"end":{"line":24,"column":36}},"17":{"start":{"line":25,"column":28},"end":{"line":25,"column":59}},"18":{"start":{"line":27,"column":16},"end":{"line":29,"column":17}},"19":{"start":{"line":28,"column":20},"end":{"line":28,"column":93}},"20":{"start":{"line":30,"column":16},"end":{"line":32,"column":17}},"21":{"start":{"line":31,"column":20},"end":{"line":31,"column":109}},"22":{"start":{"line":33,"column":8},"end":{"line":33,"column":22}},"23":{"start":{"line":35,"column":8},"end":{"line":35,"column":103}},"24":{"start":{"line":39,"column":0},"end":{"line":39,"column":50}}},"fnMap":{"0":{"name":"(anonymous_0)","decl":{"start":{"line":4,"column":22},"end":{"line":4,"column":23}},"loc":{"start":{"line":4,"column":46},"end":{"line":20,"column":1}},"line":4},"1":{"name":"(anonymous_1)","decl":{"start":{"line":22,"column":23},"end":{"line":22,"column":24}},"loc":{"start":{"line":22,"column":47},"end":{"line":37,"column":1}},"line":22}},"branchMap":{"0":{"loc":{"start":{"line":7,"column":8},"end":{"line":9,"column":9}},"type":"if","locations":[{"start":{"line":7,"column":8},"end":{"line":9,"column":9}},{"start":{},"end":{}}],"line":7},"1":{"loc":{"start":{"line":7,"column":11},"end":{"line":7,"column":59}},"type":"binary-expr","locations":[{"start":{"line":7,"column":11},"end":{"line":7,"column":22}},{"start":{"line":7,"column":26},"end":{"line":7,"column":59}}],"line":7},"2":{"loc":{"start":{"line":11,"column":8},"end":{"line":13,"column":9}},"type":"if","locations":[{"start":{"line":11,"column":8},"end":{"line":13,"column":9}},{"start":{},"end":{}}],"line":11},"3":{"loc":{"start":{"line":27,"column":16},"end":{"line":29,"column":17}},"type":"if","locations":[{"start":{"line":27,"column":16},"end":{"line":29,"column":17}},{"start":{},"end":{}}],"line":27},"4":{"loc":{"start":{"line":30,"column":16},"end":{"line":32,"column":17}},"type":"if","locations":[{"start":{"line":30,"column":16},"end":{"line":32,"column":17}},{"start":{},"end":{}}],"line":30}},"s":{"0":4,"1":4,"2":4,"3":22,"4":22,"5":22,"6":5,"7":17,"8":17,"9":1,"10":16,"11":14,"12":14,"13":2,"14":4,"15":9,"16":9,"17":9,"18":8,"19":1,"20":7,"21":2,"22":5,"23":1,"24":4},"f":{"0":22,"1":9},"b":{"0":[5,17],"1":[22,18],"2":[1,16],"3":[1,7],"4":[2,5]},"_coverageSchema":"1a1c01bbd47fc00a2c39e90264f33305004495a9","hash":"4ca9be9ff77c6030213c669e824829f4dc904a08"}
,"D:\\01_College\\4th_Sem\\EdTech_platform\\server\\middlewares\\multer.js": {"path":"D:\\01_College\\4th_Sem\\EdTech_platform\\server\\middlewares\\multer.js","statementMap":{"0":{"start":{"line":1,"column":14},"end":{"line":1,"column":31}},"1":{"start":{"line":3,"column":15},"end":{"line":3,"column":37}},"2":{"start":{"line":5,"column":15},"end":{"line":5,"column":32}},"3":{"start":{"line":7,"column":0},"end":{"line":7,"column":25}}},"fnMap":{},"branchMap":{},"s":{"0":2,"1":2,"2":2,"3":2},"f":{},"b":{},"_coverageSchema":"1a1c01bbd47fc00a2c39e90264f33305004495a9","hash":"ba4c8797bc12fb9986ea733c9823148161dfc460"}
}
