TN:
SF:controllers\aiController.js
FN:10,(anonymous_0)
FN:44,(anonymous_1)
FN:50,(anonymous_2)
FN:83,oo_cm
FNF:4
FNH:4
FNDA:8,(anonymous_0)
FNDA:2,(anonymous_1)
FNDA:1,(anonymous_2)
FNDA:1,oo_cm
DA:1,8
DA:2,8
DA:3,8
DA:4,8
DA:6,8
DA:10,8
DA:11,8
DA:12,8
DA:13,8
DA:15,8
DA:16,1
DA:19,7
DA:20,1
DA:23,6
DA:24,1
DA:27,5
DA:28,1
DA:31,4
DA:36,4
DA:37,1
DA:40,3
DA:41,0
DA:44,3
DA:45,3
DA:46,1
DA:49,2
DA:50,1
DA:53,2
DA:55,2
DA:66,2
DA:67,1
DA:69,1
DA:71,1
DA:72,1
DA:76,8
DA:83,1
LF:36
LH:35
BRDA:6,0,0,7
BRDA:6,0,1,1
BRDA:15,1,0,1
BRDA:15,1,1,7
BRDA:19,2,0,1
BRDA:19,2,1,6
BRDA:19,3,0,7
BRDA:19,3,1,7
BRDA:19,3,2,7
BRDA:23,4,0,1
BRDA:23,4,1,5
BRDA:27,5,0,1
BRDA:27,5,1,4
BRDA:27,6,0,5
BRDA:27,6,1,5
BRDA:36,7,0,1
BRDA:36,7,1,3
BRDA:40,8,0,0
BRDA:40,8,1,3
BRDA:40,9,0,3
BRDA:40,9,1,3
BRDA:45,10,0,1
BRDA:45,10,1,2
BRDA:49,11,0,2
BRDA:49,11,1,0
BRDA:59,12,0,2
BRDA:59,12,1,0
BRDA:61,13,0,2
BRDA:61,13,1,0
BRDA:62,14,0,2
BRDA:62,14,1,1
BRDA:67,15,0,1
BRDA:67,15,1,0
BRDA:83,16,0,1
BRDA:83,16,1,1
BRF:35
BRH:30
end_of_record
TN:
SF:controllers\courseController.js
FN:4,(anonymous_0)
FN:17,(anonymous_1)
FN:23,(anonymous_2)
FN:24,(anonymous_3)
FN:44,oo_cm
FNF:5
FNH:5
FNDA:2,(anonymous_0)
FNDA:2,(anonymous_1)
FNDA:1,(anonymous_2)
FNDA:2,(anonymous_3)
FNDA:2,oo_cm
DA:1,1
DA:4,1
DA:5,2
DA:6,2
DA:8,1
DA:11,1
DA:12,1
DA:17,1
DA:18,2
DA:19,2
DA:20,2
DA:23,1
DA:24,1
DA:25,2
DA:26,1
DA:31,1
DA:33,1
DA:34,1
DA:37,1
DA:44,2
LF:20
LH:20
BRDA:25,0,0,1
BRDA:25,0,1,1
BRDA:44,1,0,2
BRDA:44,1,1,1
BRF:4
BRH:4
end_of_record
TN:
SF:controllers\educatorController.js
FN:8,(anonymous_0)
FN:45,(anonymous_1)
FN:71,(anonymous_2)
FN:84,(anonymous_3)
FN:90,(anonymous_4)
FN:98,(anonymous_5)
FN:106,(anonymous_6)
FN:124,(anonymous_7)
FN:143,(anonymous_8)
FN:148,(anonymous_9)
FN:155,(anonymous_10)
FN:174,oo_cm
FNF:12
FNH:12
FNDA:6,(anonymous_0)
FNDA:4,(anonymous_1)
FNDA:3,(anonymous_2)
FNDA:3,(anonymous_3)
FNDA:3,(anonymous_4)
FNDA:3,(anonymous_5)
FNDA:4,(anonymous_6)
FNDA:4,(anonymous_7)
FNDA:2,(anonymous_8)
FNDA:1,(anonymous_9)
FNDA:1,(anonymous_10)
FNDA:10,oo_cm
DA:1,2
DA:2,2
DA:3,2
DA:4,2
DA:8,2
DA:9,6
DA:10,6
DA:12,6
DA:13,1
DA:19,5
DA:21,5
DA:22,4
DA:23,1
DA:26,3
DA:27,1
DA:33,2
DA:34,2
DA:36,2
DA:38,1
DA:39,1
DA:45,2
DA:47,4
DA:48,4
DA:49,4
DA:51,4
DA:52,2
DA:54,2
DA:55,1
DA:57,1
DA:58,1
DA:60,1
DA:62,1
DA:63,1
DA:65,1
DA:66,1
DA:71,2
DA:72,3
DA:73,3
DA:75,3
DA:76,2
DA:78,1
DA:79,1
DA:84,2
DA:85,3
DA:86,3
DA:87,3
DA:88,2
DA:90,3
DA:93,2
DA:98,3
DA:101,2
DA:102,2
DA:103,3
DA:106,3
DA:107,4
DA:113,2
DA:119,1
DA:120,1
DA:124,2
DA:125,4
DA:126,4
DA:127,4
DA:128,4
DA:130,3
DA:131,2
DA:133,1
DA:135,1
DA:136,1
DA:138,1
DA:143,2
DA:144,2
DA:145,2
DA:146,2
DA:148,1
DA:150,1
DA:155,1
DA:161,1
DA:163,1
DA:164,1
DA:167,2
DA:174,10
LF:81
LH:81
BRDA:12,0,0,1
BRDA:12,0,1,5
BRDA:22,1,0,1
BRDA:22,1,1,3
BRDA:26,2,0,1
BRDA:26,2,1,2
BRDA:51,3,0,2
BRDA:51,3,1,2
BRDA:130,4,0,2
BRDA:130,4,1,1
BRDA:174,5,0,10
BRDA:174,5,1,2
BRF:12
BRH:12
end_of_record
TN:
SF:controllers\loginController.js
FN:7,(anonymous_0)
FN:12,(anonymous_1)
FN:52,(anonymous_2)
FN:95,(anonymous_3)
FN:129,oo_cm
FNF:5
FNH:5
FNDA:3,(anonymous_0)
FNDA:8,(anonymous_1)
FNDA:5,(anonymous_2)
FNDA:2,(anonymous_3)
FNDA:1,oo_cm
DA:1,2
DA:2,2
DA:3,2
DA:4,2
DA:7,2
DA:8,3
DA:9,3
DA:12,2
DA:13,8
DA:14,8
DA:17,8
DA:18,1
DA:20,7
DA:21,1
DA:25,6
DA:26,5
DA:27,1
DA:31,4
DA:32,4
DA:33,2
DA:37,2
DA:39,2
DA:47,1
DA:48,1
DA:52,2
DA:53,5
DA:54,5
DA:56,5
DA:57,2
DA:59,3
DA:60,1
DA:62,2
DA:63,0
DA:65,2
DA:66,2
DA:67,1
DA:69,1
DA:71,1
DA:77,1
DA:79,1
DA:81,1
DA:90,0
DA:91,0
DA:95,2
DA:96,2
DA:97,2
DA:99,2
DA:100,1
DA:105,1
DA:106,1
DA:107,0
DA:109,1
DA:117,0
DA:118,0
DA:122,2
DA:129,1
LF:56
LH:50
BRDA:17,0,0,1
BRDA:17,0,1,7
BRDA:17,1,0,8
BRDA:17,1,1,7
BRDA:20,2,0,1
BRDA:20,2,1,6
BRDA:26,3,0,1
BRDA:26,3,1,4
BRDA:32,4,0,2
BRDA:32,4,1,2
BRDA:56,5,0,2
BRDA:56,5,1,3
BRDA:56,6,0,5
BRDA:56,6,1,3
BRDA:56,6,2,3
BRDA:59,7,0,1
BRDA:59,7,1,2
BRDA:62,8,0,0
BRDA:62,8,1,2
BRDA:66,9,0,1
BRDA:66,9,1,1
BRDA:75,10,0,1
BRDA:75,10,1,0
BRDA:99,11,0,1
BRDA:99,11,1,1
BRDA:106,12,0,0
BRDA:106,12,1,1
BRDA:129,13,0,1
BRDA:129,13,1,1
BRF:29
BRH:26
end_of_record
TN:
SF:controllers\userController.js
FN:8,(anonymous_0)
FN:24,(anonymous_1)
FN:36,(anonymous_2)
FN:99,(anonymous_3)
FN:149,(anonymous_4)
FN:180,(anonymous_5)
FN:198,(anonymous_6)
FN:216,(anonymous_7)
FN:238,oo_cm
FNF:9
FNH:9
FNDA:4,(anonymous_0)
FNDA:3,(anonymous_1)
FNDA:5,(anonymous_2)
FNDA:7,(anonymous_3)
FNDA:6,(anonymous_4)
FNDA:3,(anonymous_5)
FNDA:7,(anonymous_6)
FNDA:1,(anonymous_7)
FNDA:7,oo_cm
DA:1,2
DA:2,2
DA:3,2
DA:4,2
DA:5,2
DA:8,2
DA:9,4
DA:10,4
DA:12,4
DA:13,3
DA:14,1
DA:16,2
DA:18,1
DA:19,1
DA:24,2
DA:25,3
DA:26,3
DA:27,3
DA:29,2
DA:31,1
DA:32,1
DA:36,2
DA:37,5
DA:38,5
DA:39,5
DA:41,5
DA:42,5
DA:44,4
DA:46,4
DA:47,1
DA:50,3
DA:51,3
DA:52,2
DA:55,1
DA:57,1
DA:63,1
DA:66,1
DA:67,1
DA:71,1
DA:82,1
DA:92,1
DA:93,1
DA:95,1
DA:99,2
DA:100,7
DA:101,7
DA:102,7
DA:104,7
DA:105,1
DA:108,6
DA:109,5
DA:110,1
DA:113,4
DA:114,1
DA:117,3
DA:118,2
DA:119,2
DA:120,1
DA:123,1
DA:124,1
DA:127,1
DA:128,1
DA:129,1
DA:132,1
DA:133,1
DA:134,1
DA:137,1
DA:139,1
DA:140,1
DA:143,1
DA:144,1
DA:149,2
DA:150,6
DA:151,6
DA:153,6
DA:154,2
DA:157,4
DA:158,4
DA:160,3
DA:161,2
DA:162,1
DA:165,1
DA:166,1
DA:168,1
DA:172,2
DA:174,1
DA:175,1
DA:180,2
DA:181,3
DA:182,3
DA:184,3
DA:185,3
DA:189,2
DA:191,1
DA:192,1
DA:198,2
DA:199,7
DA:200,7
DA:202,7
DA:203,1
DA:205,6
DA:206,6
DA:207,5
DA:208,1
DA:212,4
DA:213,4
DA:214,2
DA:216,2
DA:218,2
DA:219,1
DA:221,1
DA:223,2
DA:224,2
DA:226,1
DA:227,1
DA:231,2
DA:238,7
LF:117
LH:117
BRDA:13,0,0,1
BRDA:13,0,1,2
BRDA:46,1,0,1
BRDA:46,1,1,3
BRDA:46,2,0,4
BRDA:46,2,1,4
BRDA:51,3,0,2
BRDA:51,3,1,1
BRDA:104,4,0,1
BRDA:104,4,1,6
BRDA:109,5,0,1
BRDA:109,5,1,4
BRDA:113,6,0,1
BRDA:113,6,1,3
BRDA:117,7,0,2
BRDA:117,7,1,1
BRDA:119,8,0,1
BRDA:119,8,1,1
BRDA:127,9,0,1
BRDA:127,9,1,0
BRDA:132,10,0,1
BRDA:132,10,1,0
BRDA:153,11,0,2
BRDA:153,11,1,4
BRDA:153,12,0,6
BRDA:153,12,1,6
BRDA:160,13,0,2
BRDA:160,13,1,1
BRDA:161,14,0,1
BRDA:161,14,1,1
BRDA:202,15,0,1
BRDA:202,15,1,6
BRDA:202,16,0,7
BRDA:202,16,1,6
BRDA:202,16,2,6
BRDA:202,16,3,6
BRDA:202,16,4,6
BRDA:207,17,0,1
BRDA:207,17,1,4
BRDA:213,18,0,2
BRDA:213,18,1,2
BRDA:213,19,0,4
BRDA:213,19,1,4
BRDA:218,20,0,1
BRDA:218,20,1,1
BRDA:238,21,0,7
BRDA:238,21,1,1
BRF:47
BRH:45
end_of_record
TN:
SF:middlewares\authMiddleware.js
FN:4,(anonymous_0)
FN:22,(anonymous_1)
FNF:2
FNH:2
FNDA:22,(anonymous_0)
FNDA:9,(anonymous_1)
DA:1,4
DA:2,4
DA:4,4
DA:5,22
DA:6,22
DA:7,22
DA:8,5
DA:10,17
DA:11,17
DA:12,1
DA:14,16
DA:15,14
DA:16,14
DA:18,2
DA:22,4
DA:23,9
DA:24,9
DA:25,9
DA:27,8
DA:28,1
DA:30,7
DA:31,2
DA:33,5
DA:35,1
DA:39,4
LF:25
LH:25
BRDA:7,0,0,5
BRDA:7,0,1,17
BRDA:7,1,0,22
BRDA:7,1,1,18
BRDA:11,2,0,1
BRDA:11,2,1,16
BRDA:27,3,0,1
BRDA:27,3,1,7
BRDA:30,4,0,2
BRDA:30,4,1,5
BRF:10
BRH:10
end_of_record
TN:
SF:middlewares\multer.js
FNF:0
FNH:0
DA:1,2
DA:3,2
DA:5,2
DA:7,2
LF:4
LH:4
BRF:0
BRH:0
end_of_record
