TN:
SF:controllers\loginController.js
FN:7,(anonymous_0)
FN:12,(anonymous_1)
FN:52,(anonymous_2)
FN:95,(anonymous_3)
FN:129,oo_cm
FNF:5
FNH:5
FNDA:1,(anonymous_0)
FNDA:6,(anonymous_1)
FNDA:1,(anonymous_2)
FNDA:1,(anonymous_3)
FNDA:1,oo_cm
DA:1,1
DA:2,1
DA:3,1
DA:4,1
DA:7,1
DA:8,1
DA:9,1
DA:12,1
DA:13,6
DA:14,6
DA:17,6
DA:18,1
DA:20,5
DA:21,1
DA:25,4
DA:26,3
DA:27,1
DA:31,2
DA:32,2
DA:33,1
DA:37,1
DA:39,1
DA:47,1
DA:48,1
DA:52,1
DA:53,1
DA:54,1
DA:56,1
DA:57,1
DA:59,0
DA:60,0
DA:62,0
DA:63,0
DA:65,0
DA:66,0
DA:67,0
DA:69,0
DA:71,0
DA:77,0
DA:79,0
DA:81,0
DA:90,0
DA:91,0
DA:95,1
DA:96,1
DA:97,1
DA:99,1
DA:100,1
DA:105,0
DA:106,0
DA:107,0
DA:109,0
DA:117,0
DA:118,0
DA:122,1
DA:129,1
LF:56
LH:36
BRDA:17,0,0,1
BRDA:17,0,1,5
BRDA:17,1,0,6
BRDA:17,1,1,5
BRDA:20,2,0,1
BRDA:20,2,1,4
BRDA:26,3,0,1
BRDA:26,3,1,2
BRDA:32,4,0,1
BRDA:32,4,1,1
BRDA:56,5,0,1
BRDA:56,5,1,0
BRDA:56,6,0,1
BRDA:56,6,1,0
BRDA:56,6,2,0
BRDA:59,7,0,0
BRDA:59,7,1,0
BRDA:62,8,0,0
BRDA:62,8,1,0
BRDA:66,9,0,0
BRDA:66,9,1,0
BRDA:75,10,0,0
BRDA:75,10,1,0
BRDA:99,11,0,1
BRDA:99,11,1,0
BRDA:106,12,0,0
BRDA:106,12,1,0
BRDA:129,13,0,1
BRDA:129,13,1,1
BRF:29
BRH:15
end_of_record
TN:
SF:middlewares\authMiddleware.js
FN:4,(anonymous_0)
FN:22,(anonymous_1)
FNF:2
FNH:2
FNDA:5,(anonymous_0)
FNDA:4,(anonymous_1)
DA:1,1
DA:2,1
DA:4,1
DA:5,5
DA:6,5
DA:7,5
DA:8,2
DA:10,3
DA:11,3
DA:12,1
DA:14,2
DA:15,1
DA:16,1
DA:18,1
DA:22,1
DA:23,4
DA:24,4
DA:25,4
DA:27,3
DA:28,1
DA:30,2
DA:31,1
DA:33,1
DA:35,1
DA:39,1
LF:25
LH:25
BRDA:7,0,0,2
BRDA:7,0,1,3
BRDA:7,1,0,5
BRDA:7,1,1,4
BRDA:11,2,0,1
BRDA:11,2,1,2
BRDA:27,3,0,1
BRDA:27,3,1,2
BRDA:30,4,0,1
BRDA:30,4,1,1
BRF:10
BRH:10
end_of_record
